<?xml version="1.0" encoding="UTF-8"?>
<!-- Generated by org.testng.reporters.JUnitReportReporter -->
<testsuite hostname="Ramya" name="com.qa.test.PostAPITest" tests="1" failures="0" timestamp="22 Jun 2018 17:54:59 GMT" time="4.944" errors="0">
  <testcase name="postAPITest" time="4.944" classname="com.qa.test.PostAPITest"/>
</testsuite> <!-- com.qa.test.PostAPITest -->
