<?xml version="1.0" encoding="UTF-8"?>
<!-- Generated by org.testng.reporters.JUnitReportReporter -->
<testsuite hostname="Ramya" name="com.qa.test.GetAPITest" tests="2" failures="0" timestamp="24 Jun 2018 14:20:29 GMT" time="9.462" errors="0">
  <testcase name="getAPITestWithHeaders" time="4.509" classname="com.qa.test.GetAPITest"/>
  <testcase name="getAPITestWithoutHeaders" time="4.953" classname="com.qa.test.GetAPITest"/>
</testsuite> <!-- com.qa.test.GetAPITest -->
